<?xml version="1.0" encoding="UTF-8"?>
<!-- Generated by org.testng.reporters.JUnitXMLReporter -->
<testsuite ignored="2" hostname="LAPTOP-NNBT4H38" failures="0" tests="1" name="Default test" time="5.828" errors="0" timestamp="2022-12-18T14:00:30 IST">
  <testcase classname="Tests.LoginTest" name="pedgog" time="2.627"/>
  <testcase classname="Tests.LoginTest" name="loginWithWrongPassword" time="0.0">
    <ignored/>
  </testcase> <!-- loginWithWrongPassword -->
  <testcase classname="Tests.LoginTest" name="loginSuccessfull" time="0.0">
    <ignored/>
  </testcase> <!-- loginSuccessfull -->
</testsuite> <!-- Default test -->
