<?xml version="1.0" encoding="UTF-8"?>
<testng-results ignored="2" total="3" passed="1" failed="0" skipped="0">
  <reporter-output>
  </reporter-output>
  <suite started-at="2022-12-18T14:00:24 IST" name="Default suite" finished-at="2022-12-18T14:00:30 IST" duration-ms="5828">
    <groups>
    </groups>
    <test started-at="2022-12-18T14:00:24 IST" name="Default test" finished-at="2022-12-18T14:00:30 IST" duration-ms="5828">
      <class name="Tests.LoginTest">
        <test-method is-config="true" signature="nameBefore(java.lang.reflect.Method)[pri:0, instance:Tests.LoginTest@5d7148e2]" started-at="2022-12-18T14:00:24 IST" name="nameBefore" finished-at="2022-12-18T14:00:28 IST" duration-ms="3161" status="PASS">
          <params>
            <param index="0">
              <value>
                <![CDATA[public void Tests.LoginTest.pedgog()]]>
              </value>
            </param>
          </params>
          <reporter-output>
          </reporter-output>
        </test-method> <!-- nameBefore -->
        <test-method signature="pedgog()[pri:0, instance:Tests.LoginTest@5d7148e2]" started-at="2022-12-18T14:00:28 IST" name="pedgog" finished-at="2022-12-18T14:00:30 IST" duration-ms="2627" status="PASS">
          <reporter-output>
          </reporter-output>
        </test-method> <!-- pedgog -->
        <test-method is-config="true" signature="nameAfter(org.testng.ITestResult)[pri:0, instance:Tests.LoginTest@5d7148e2]" started-at="2022-12-18T14:00:30 IST" name="nameAfter" finished-at="2022-12-18T14:00:30 IST" duration-ms="2" status="PASS">
          <params>
            <param index="0">
              <value>
                <![CDATA[[TestResult name=pedgog status=SUCCESS method=LoginTest.pedgog()[pri:0, instance:Tests.LoginTest@5d7148e2] output={null}]]]>
              </value>
            </param>
          </params>
          <reporter-output>
          </reporter-output>
        </test-method> <!-- nameAfter -->
      </class> <!-- Tests.LoginTest -->
    </test> <!-- Default test -->
  </suite> <!-- Default suite -->
</testng-results>
